# JRE version: OpenJDK Runtime Environment (8.0_152-b01) (build 1.8.0_152-release-915-b01)
# Java VM: OpenJDK 64-Bit Server VM (25.152-b01 mixed mode windows-amd64 compressed oops)
Heap:
 PSYoungGen      total 184320K, used 6343K [0x00000000e0000000, 0x00000000f0d80000, 0x0000000100000000)
  eden space 160768K, 3% used [0x00000000e0000000,0x00000000e0631f58,0x00000000e9d00000)
  from space 23552K, 0% used [0x00000000e9d00000,0x00000000e9d00000,0x00000000eb400000)
  to   space 28160K, 0% used [0x00000000ef200000,0x00000000ef200000,0x00000000f0d80000)
 ParOldGen       total 158720K, used 53390K [0x00000000a0000000, 0x00000000a9b00000, 0x00000000e0000000)
  object space 158720K, 33% used [0x00000000a0000000,0x00000000a3423a18,0x00000000a9b00000)
 Metaspace       used 56648K, capacity 59478K, committed 59648K, reserved 1099776K
  class space    used 7843K, capacity 8625K, committed 8704K, reserved 1048576K
GC Heap History (10 events):
Event: 29.694 GC heap before
{Heap before GC invocations=10 (full 2):
 PSYoungGen      total 109568K, used 98304K [0x00000000e0000000, 0x00000000e9c80000, 0x0000000100000000)
  eden space 98304K, 100% used [0x00000000e0000000,0x00000000e6000000,0x00000000e6000000)
  from space 11264K, 0% used [0x00000000e6000000,0x00000000e6000000,0x00000000e6b00000)
  to   space 12288K, 0% used [0x00000000e9080000,0x00000000e9080000,0x00000000e9c80000)
 ParOldGen       total 94720K, used 16372K [0x00000000a0000000, 0x00000000a5c80000, 0x00000000e0000000)
  object space 94720K, 17% used [0x00000000a0000000,0x00000000a0ffd358,0x00000000a5c80000)
 Metaspace       used 41835K, capacity 42858K, committed 43136K, reserved 1087488K
  class space    used 5597K, capacity 5980K, committed 6016K, reserved 1048576K
Event: 29.708 GC heap after
Heap after GC invocations=10 (full 2):
 PSYoungGen      total 146944K, used 11091K [0x00000000e0000000, 0x00000000ea380000, 0x0000000100000000)
  eden space 134656K, 0% used [0x00000000e0000000,0x00000000e0000000,0x00000000e8380000)
  from space 12288K, 90% used [0x00000000e9080000,0x00000000e9b54f88,0x00000000e9c80000)
  to   space 13312K, 0% used [0x00000000e8380000,0x00000000e8380000,0x00000000e9080000)
 ParOldGen       total 94720K, used 16380K [0x00000000a0000000, 0x00000000a5c80000, 0x00000000e0000000)
  object space 94720K, 17% used [0x00000000a0000000,0x00000000a0fff358,0x00000000a5c80000)
 Metaspace       used 41835K, capacity 42858K, committed 43136K, reserved 1087488K
  class space    used 5597K, capacity 5980K, committed 6016K, reserved 1048576K
}
Event: 35.711 GC heap before
{Heap before GC invocations=11 (full 2):
 PSYoungGen      total 146944K, used 145747K [0x00000000e0000000, 0x00000000ea380000, 0x0000000100000000)
  eden space 134656K, 100% used [0x00000000e0000000,0x00000000e8380000,0x00000000e8380000)
  from space 12288K, 90% used [0x00000000e9080000,0x00000000e9b54f88,0x00000000e9c80000)
  to   space 13312K, 0% used [0x00000000e8380000,0x00000000e8380000,0x00000000e9080000)
 ParOldGen       total 94720K, used 16380K [0x00000000a0000000, 0x00000000a5c80000, 0x00000000e0000000)
  object space 94720K, 17% used [0x00000000a0000000,0x00000000a0fff358,0x00000000a5c80000)
 Metaspace       used 52276K, capacity 54370K, committed 54656K, reserved 1095680K
  class space    used 7088K, capacity 7697K, committed 7808K, reserved 1048576K
Event: 35.733 GC heap after
Heap after GC invocations=11 (full 2):
 PSYoungGen      total 147968K, used 13293K [0x00000000e0000000, 0x00000000ec500000, 0x0000000100000000)
  eden space 134656K, 0% used [0x00000000e0000000,0x00000000e0000000,0x00000000e8380000)
  from space 13312K, 99% used [0x00000000e8380000,0x00000000e907b4f0,0x00000000e9080000)
  to   space 17408K, 0% used [0x00000000eb400000,0x00000000eb400000,0x00000000ec500000)
 ParOldGen       total 94720K, used 22543K [0x00000000a0000000, 0x00000000a5c80000, 0x00000000e0000000)
  object space 94720K, 23% used [0x00000000a0000000,0x00000000a1603f90,0x00000000a5c80000)
 Metaspace       used 52276K, capacity 54370K, committed 54656K, reserved 1095680K
  class space    used 7088K, capacity 7697K, committed 7808K, reserved 1048576K
}
Event: 39.135 GC heap before
{Heap before GC invocations=12 (full 2):
 PSYoungGen      total 147968K, used 147949K [0x00000000e0000000, 0x00000000ec500000, 0x0000000100000000)
  eden space 134656K, 100% used [0x00000000e0000000,0x00000000e8380000,0x00000000e8380000)
  from space 13312K, 99% used [0x00000000e8380000,0x00000000e907b4f0,0x00000000e9080000)
  to   space 17408K, 0% used [0x00000000eb400000,0x00000000eb400000,0x00000000ec500000)
 ParOldGen       total 94720K, used 22543K [0x00000000a0000000, 0x00000000a5c80000, 0x00000000e0000000)
  object space 94720K, 23% used [0x00000000a0000000,0x00000000a1603f90,0x00000000a5c80000)
 Metaspace       used 55472K, capacity 57940K, committed 57984K, reserved 1099776K
  class space    used 7611K, capacity 8295K, committed 8320K, reserved 1048576K
Event: 39.190 GC heap after
Heap after GC invocations=12 (full 2):
 PSYoungGen      total 178176K, used 17389K [0x00000000e0000000, 0x00000000ed600000, 0x0000000100000000)
  eden space 160768K, 0% used [0x00000000e0000000,0x00000000e0000000,0x00000000e9d00000)
  from space 17408K, 99% used [0x00000000eb400000,0x00000000ec4fb4f0,0x00000000ec500000)
  to   space 23552K, 0% used [0x00000000e9d00000,0x00000000e9d00000,0x00000000eb400000)
 ParOldGen       total 94720K, used 34139K [0x00000000a0000000, 0x00000000a5c80000, 0x00000000e0000000)
  object space 94720K, 36% used [0x00000000a0000000,0x00000000a2156f38,0x00000000a5c80000)
 Metaspace       used 55472K, capacity 57940K, committed 57984K, reserved 1099776K
  class space    used 7611K, capacity 8295K, committed 8320K, reserved 1048576K
}
Event: 40.473 GC heap before
{Heap before GC invocations=13 (full 2):
 PSYoungGen      total 178176K, used 84625K [0x00000000e0000000, 0x00000000ed600000, 0x0000000100000000)
  eden space 160768K, 41% used [0x00000000e0000000,0x00000000e41a91e8,0x00000000e9d00000)
  from space 17408K, 99% used [0x00000000eb400000,0x00000000ec4fb4f0,0x00000000ec500000)
  to   space 23552K, 0% used [0x00000000e9d00000,0x00000000e9d00000,0x00000000eb400000)
 ParOldGen       total 94720K, used 34139K [0x00000000a0000000, 0x00000000a5c80000, 0x00000000e0000000)
  object space 94720K, 36% used [0x00000000a0000000,0x00000000a2156f38,0x00000000a5c80000)
 Metaspace       used 56358K, capacity 58984K, committed 59008K, reserved 1099776K
  class space    used 7795K, capacity 8558K, committed 8576K, reserved 1048576K
Event: 40.527 GC heap after
Heap after GC invocations=13 (full 2):
 PSYoungGen      total 184320K, used 23533K [0x00000000e0000000, 0x00000000f0d80000, 0x0000000100000000)
  eden space 160768K, 0% used [0x00000000e0000000,0x00000000e0000000,0x00000000e9d00000)
  from space 23552K, 99% used [0x00000000e9d00000,0x00000000eb3fb4f0,0x00000000eb400000)
  to   space 28160K, 0% used [0x00000000ef200000,0x00000000ef200000,0x00000000f0d80000)
 ParOldGen       total 94720K, used 37574K [0x00000000a0000000, 0x00000000a5c80000, 0x00000000e0000000)
  object space 94720K, 39% used [0x00000000a0000000,0x00000000a24b1b08,0x00000000a5c80000)
 Metaspace       used 56358K, capacity 58984K, committed 59008K, reserved 1099776K
  class space    used 7795K, capacity 8558K, committed 8576K, reserved 1048576K
}
Event: 40.527 GC heap before
{Heap before GC invocations=14 (full 3):
 PSYoungGen      total 184320K, used 23533K [0x00000000e0000000, 0x00000000f0d80000, 0x0000000100000000)
  eden space 160768K, 0% used [0x00000000e0000000,0x00000000e0000000,0x00000000e9d00000)
  from space 23552K, 99% used [0x00000000e9d00000,0x00000000eb3fb4f0,0x00000000eb400000)
  to   space 28160K, 0% used [0x00000000ef200000,0x00000000ef200000,0x00000000f0d80000)
 ParOldGen       total 94720K, used 37574K [0x00000000a0000000, 0x00000000a5c80000, 0x00000000e0000000)
  object space 94720K, 39% used [0x00000000a0000000,0x00000000a24b1b08,0x00000000a5c80000)
 Metaspace       used 56358K, capacity 58984K, committed 59008K, reserved 1099776K
  class space    used 7795K, capacity 8558K, committed 8576K, reserved 1048576K
Event: 40.964 GC heap after
Heap after GC invocations=14 (full 3):
 PSYoungGen      total 184320K, used 0K [0x00000000e0000000, 0x00000000f0d80000, 0x0000000100000000)
  eden space 160768K, 0% used [0x00000000e0000000,0x00000000e0000000,0x00000000e9d00000)
  from space 23552K, 0% used [0x00000000e9d00000,0x00000000e9d00000,0x00000000eb400000)
  to   space 28160K, 0% used [0x00000000ef200000,0x00000000ef200000,0x00000000f0d80000)
 ParOldGen       total 158720K, used 53390K [0x00000000a0000000, 0x00000000a9b00000, 0x00000000e0000000)
  object space 158720K, 33% used [0x00000000a0000000,0x00000000a3423a18,0x00000000a9b00000)
 Metaspace       used 56358K, capacity 58984K, committed 59008K, reserved 1099776K
  class space    used 7795K, capacity 8558K, committed 8576K, reserved 1048576K
}

