# JRE version: OpenJDK Runtime Environment (8.0_152-b01) (build 1.8.0_152-release-915-b01)
# Java VM: OpenJDK 64-Bit Server VM (25.152-b01 mixed mode windows-amd64 compressed oops)
Heap:
 PSYoungGen      total 71680K, used 48016K [0x00000000e0000000, 0x00000000e6b80000, 0x0000000100000000)
  eden space 66560K, 64% used [0x00000000e0000000,0x00000000e29e63c8,0x00000000e4100000)
  from space 5120K, 99% used [0x00000000e4100000,0x00000000e45fdf58,0x00000000e4600000)
  to   space 10240K, 0% used [0x00000000e6180000,0x00000000e6180000,0x00000000e6b80000)
 ParOldGen       total 68096K, used 10544K [0x00000000a0000000, 0x00000000a4280000, 0x00000000e0000000)
  object space 68096K, 15% used [0x00000000a0000000,0x00000000a0a4c0c8,0x00000000a4280000)
 Metaspace       used 28826K, capacity 29546K, committed 29696K, reserved 1075200K
  class space    used 4025K, capacity 4324K, committed 4352K, reserved 1048576K
GC Heap History (10 events):
Event: 3.020 GC heap before
{Heap before GC invocations=2 (full 0):
 PSYoungGen      total 38400K, used 37493K [0x00000000e0000000, 0x00000000e2a80000, 0x0000000100000000)
  eden space 33280K, 100% used [0x00000000e0000000,0x00000000e2080000,0x00000000e2080000)
  from space 5120K, 82% used [0x00000000e2080000,0x00000000e249d580,0x00000000e2580000)
  to   space 5120K, 0% used [0x00000000e2580000,0x00000000e2580000,0x00000000e2a80000)
 ParOldGen       total 87552K, used 8K [0x00000000a0000000, 0x00000000a5580000, 0x00000000e0000000)
  object space 87552K, 0% used [0x00000000a0000000,0x00000000a0002000,0x00000000a5580000)
 Metaspace       used 12311K, capacity 12704K, committed 12928K, reserved 1060864K
  class space    used 1652K, capacity 1798K, committed 1920K, reserved 1048576K
Event: 3.028 GC heap after
Heap after GC invocations=2 (full 0):
 PSYoungGen      total 38400K, used 5093K [0x00000000e0000000, 0x00000000e2a80000, 0x0000000100000000)
  eden space 33280K, 0% used [0x00000000e0000000,0x00000000e0000000,0x00000000e2080000)
  from space 5120K, 99% used [0x00000000e2580000,0x00000000e2a79490,0x00000000e2a80000)
  to   space 5120K, 0% used [0x00000000e2080000,0x00000000e2080000,0x00000000e2580000)
 ParOldGen       total 87552K, used 850K [0x00000000a0000000, 0x00000000a5580000, 0x00000000e0000000)
  object space 87552K, 0% used [0x00000000a0000000,0x00000000a00d4b40,0x00000000a5580000)
 Metaspace       used 12311K, capacity 12704K, committed 12928K, reserved 1060864K
  class space    used 1652K, capacity 1798K, committed 1920K, reserved 1048576K
}
Event: 3.882 GC heap before
{Heap before GC invocations=3 (full 0):
 PSYoungGen      total 38400K, used 38373K [0x00000000e0000000, 0x00000000e2a80000, 0x0000000100000000)
  eden space 33280K, 100% used [0x00000000e0000000,0x00000000e2080000,0x00000000e2080000)
  from space 5120K, 99% used [0x00000000e2580000,0x00000000e2a79490,0x00000000e2a80000)
  to   space 5120K, 0% used [0x00000000e2080000,0x00000000e2080000,0x00000000e2580000)
 ParOldGen       total 87552K, used 850K [0x00000000a0000000, 0x00000000a5580000, 0x00000000e0000000)
  object space 87552K, 0% used [0x00000000a0000000,0x00000000a00d4b40,0x00000000a5580000)
 Metaspace       used 15802K, capacity 16196K, committed 16512K, reserved 1062912K
  class space    used 2219K, capacity 2344K, committed 2432K, reserved 1048576K
Event: 3.907 GC heap after
Heap after GC invocations=3 (full 0):
 PSYoungGen      total 38400K, used 5094K [0x00000000e0000000, 0x00000000e4b00000, 0x0000000100000000)
  eden space 33280K, 0% used [0x00000000e0000000,0x00000000e0000000,0x00000000e2080000)
  from space 5120K, 99% used [0x00000000e2080000,0x00000000e2579a58,0x00000000e2580000)
  to   space 5120K, 0% used [0x00000000e4600000,0x00000000e4600000,0x00000000e4b00000)
 ParOldGen       total 87552K, used 3659K [0x00000000a0000000, 0x00000000a5580000, 0x00000000e0000000)
  object space 87552K, 4% used [0x00000000a0000000,0x00000000a0392c30,0x00000000a5580000)
 Metaspace       used 15802K, capacity 16196K, committed 16512K, reserved 1062912K
  class space    used 2219K, capacity 2344K, committed 2432K, reserved 1048576K
}
Event: 6.062 GC heap before
{Heap before GC invocations=4 (full 0):
 PSYoungGen      total 38400K, used 32959K [0x00000000e0000000, 0x00000000e4b00000, 0x0000000100000000)
  eden space 33280K, 83% used [0x00000000e0000000,0x00000000e1b364f8,0x00000000e2080000)
  from space 5120K, 99% used [0x00000000e2080000,0x00000000e2579a58,0x00000000e2580000)
  to   space 5120K, 0% used [0x00000000e4600000,0x00000000e4600000,0x00000000e4b00000)
 ParOldGen       total 87552K, used 3659K [0x00000000a0000000, 0x00000000a5580000, 0x00000000e0000000)
  object space 87552K, 4% used [0x00000000a0000000,0x00000000a0392c30,0x00000000a5580000)
 Metaspace       used 20717K, capacity 21112K, committed 21248K, reserved 1067008K
  class space    used 2858K, capacity 3035K, committed 3072K, reserved 1048576K
Event: 6.083 GC heap after
Heap after GC invocations=4 (full 0):
 PSYoungGen      total 71680K, used 5104K [0x00000000e0000000, 0x00000000e4b00000, 0x0000000100000000)
  eden space 66560K, 0% used [0x00000000e0000000,0x00000000e0000000,0x00000000e4100000)
  from space 5120K, 99% used [0x00000000e4600000,0x00000000e4afc020,0x00000000e4b00000)
  to   space 5120K, 0% used [0x00000000e4100000,0x00000000e4100000,0x00000000e4600000)
 ParOldGen       total 87552K, used 7411K [0x00000000a0000000, 0x00000000a5580000, 0x00000000e0000000)
  object space 87552K, 8% used [0x00000000a0000000,0x00000000a073cef8,0x00000000a5580000)
 Metaspace       used 20717K, capacity 21112K, committed 21248K, reserved 1067008K
  class space    used 2858K, capacity 3035K, committed 3072K, reserved 1048576K
}
Event: 6.083 GC heap before
{Heap before GC invocations=5 (full 1):
 PSYoungGen      total 71680K, used 5104K [0x00000000e0000000, 0x00000000e4b00000, 0x0000000100000000)
  eden space 66560K, 0% used [0x00000000e0000000,0x00000000e0000000,0x00000000e4100000)
  from space 5120K, 99% used [0x00000000e4600000,0x00000000e4afc020,0x00000000e4b00000)
  to   space 5120K, 0% used [0x00000000e4100000,0x00000000e4100000,0x00000000e4600000)
 ParOldGen       total 87552K, used 7411K [0x00000000a0000000, 0x00000000a5580000, 0x00000000e0000000)
  object space 87552K, 8% used [0x00000000a0000000,0x00000000a073cef8,0x00000000a5580000)
 Metaspace       used 20717K, capacity 21112K, committed 21248K, reserved 1067008K
  class space    used 2858K, capacity 3035K, committed 3072K, reserved 1048576K
Event: 6.195 GC heap after
Heap after GC invocations=5 (full 1):
 PSYoungGen      total 71680K, used 0K [0x00000000e0000000, 0x00000000e4b00000, 0x0000000100000000)
  eden space 66560K, 0% used [0x00000000e0000000,0x00000000e0000000,0x00000000e4100000)
  from space 5120K, 0% used [0x00000000e4600000,0x00000000e4600000,0x00000000e4b00000)
  to   space 5120K, 0% used [0x00000000e4100000,0x00000000e4100000,0x00000000e4600000)
 ParOldGen       total 68096K, used 8654K [0x00000000a0000000, 0x00000000a4280000, 0x00000000e0000000)
  object space 68096K, 12% used [0x00000000a0000000,0x00000000a0873888,0x00000000a4280000)
 Metaspace       used 20717K, capacity 21112K, committed 21248K, reserved 1067008K
  class space    used 2858K, capacity 3035K, committed 3072K, reserved 1048576K
}
Event: 8.501 GC heap before
{Heap before GC invocations=6 (full 1):
 PSYoungGen      total 71680K, used 66560K [0x00000000e0000000, 0x00000000e4b00000, 0x0000000100000000)
  eden space 66560K, 100% used [0x00000000e0000000,0x00000000e4100000,0x00000000e4100000)
  from space 5120K, 0% used [0x00000000e4600000,0x00000000e4600000,0x00000000e4b00000)
  to   space 5120K, 0% used [0x00000000e4100000,0x00000000e4100000,0x00000000e4600000)
 ParOldGen       total 68096K, used 8654K [0x00000000a0000000, 0x00000000a4280000, 0x00000000e0000000)
  object space 68096K, 12% used [0x00000000a0000000,0x00000000a0873888,0x00000000a4280000)
 Metaspace       used 26222K, capacity 26734K, committed 26880K, reserved 1073152K
  class space    used 3547K, capacity 3750K, committed 3840K, reserved 1048576K
Event: 8.512 GC heap after
Heap after GC invocations=6 (full 1):
 PSYoungGen      total 71680K, used 5111K [0x00000000e0000000, 0x00000000e6b80000, 0x0000000100000000)
  eden space 66560K, 0% used [0x00000000e0000000,0x00000000e0000000,0x00000000e4100000)
  from space 5120K, 99% used [0x00000000e4100000,0x00000000e45fdf58,0x00000000e4600000)
  to   space 10240K, 0% used [0x00000000e6180000,0x00000000e6180000,0x00000000e6b80000)
 ParOldGen       total 68096K, used 10544K [0x00000000a0000000, 0x00000000a4280000, 0x00000000e0000000)
  object space 68096K, 15% used [0x00000000a0000000,0x00000000a0a4c0c8,0x00000000a4280000)
 Metaspace       used 26222K, capacity 26734K, committed 26880K, reserved 1073152K
  class space    used 3547K, capacity 3750K, committed 3840K, reserved 1048576K
}

